# JRE version: OpenJDK Runtime Environment Temurin-21.0.7+6 (21.0.7+6) (build 21.0.7+6-LTS)
# Java VM: OpenJDK 64-Bit Server VM Temurin-21.0.7+6 (21.0.7+6-LTS, mixed mode, sharing, tiered, compressed oops, compressed class ptrs, parallel gc, windows-amd64)
GC Precious Log:
 CardTable entry size: 512
 CPUs: 8 total, 8 available
 Memory: 16263M
 Large Page Support: Disabled
 NUMA Support: Disabled
 Compressed Oops: Enabled (32-bit)
 Alignments: Space 512K, Generation 512K, Heap 2M
 Heap Min Capacity: 100M
 Heap Initial Capacity: 100M
 Heap Max Capacity: 1G
 Pre-touch: Disabled
 Parallel Workers: 8
Heap:
 PSYoungGen      total 3584K, used 0K [0x00000000eab00000, 0x00000000eb000000, 0x0000000100000000)
  eden space 3072K, 0% used [0x00000000eab00000,0x00000000eab00000,0x00000000eae00000)
  from space 512K, 0% used [0x00000000eaf80000,0x00000000eaf80000,0x00000000eb000000)
  to   space 512K, 0% used [0x00000000eaf00000,0x00000000eaf00000,0x00000000eaf80000)
 ParOldGen       total 699392K, used 694899K [0x00000000c0000000, 0x00000000eab00000, 0x00000000eab00000)
  object space 699392K, 99% used [0x00000000c0000000,0x00000000ea69cc48,0x00000000eab00000)
 Metaspace       used 98531K, committed 100608K, reserved 1179648K
  class space    used 9460K, committed 10368K, reserved 1048576K
GC Heap History (20 events):
Event: 90587.104 GC heap after
{Heap after GC invocations=15176 (full 24):
 PSYoungGen      total 1024K, used 512K [0x00000000eab00000, 0x00000000eb580000, 0x0000000100000000)
  eden space 512K, 0% used [0x00000000eab00000,0x00000000eab00000,0x00000000eab80000)
  from space 512K, 100% used [0x00000000eab80000,0x00000000eac00000,0x00000000eac00000)
  to   space 3584K, 0% used [0x00000000eb200000,0x00000000eb200000,0x00000000eb580000)
 ParOldGen       total 667136K, used 666882K [0x00000000c0000000, 0x00000000e8b80000, 0x00000000eab00000)
  object space 667136K, 99% used [0x00000000c0000000,0x00000000e8b40bc8,0x00000000e8b80000)
 Metaspace       used 98507K, committed 100608K, reserved 1179648K
  class space    used 9454K, committed 10368K, reserved 1048576K
}
Event: 90587.105 GC heap before
{Heap before GC invocations=15177 (full 24):
 PSYoungGen      total 1024K, used 1024K [0x00000000eab00000, 0x00000000eb580000, 0x0000000100000000)
  eden space 512K, 100% used [0x00000000eab00000,0x00000000eab80000,0x00000000eab80000)
  from space 512K, 100% used [0x00000000eab80000,0x00000000eac00000,0x00000000eac00000)
  to   space 3584K, 0% used [0x00000000eb200000,0x00000000eb200000,0x00000000eb580000)
 ParOldGen       total 667136K, used 666882K [0x00000000c0000000, 0x00000000e8b80000, 0x00000000eab00000)
  object space 667136K, 99% used [0x00000000c0000000,0x00000000e8b40bc8,0x00000000e8b80000)
 Metaspace       used 98507K, committed 100608K, reserved 1179648K
  class space    used 9454K, committed 10368K, reserved 1048576K
}
Event: 90587.107 GC heap after
{Heap after GC invocations=15177 (full 24):
 PSYoungGen      total 2048K, used 512K [0x00000000eab00000, 0x00000000eb300000, 0x0000000100000000)
  eden space 1024K, 0% used [0x00000000eab00000,0x00000000eab00000,0x00000000eac00000)
  from space 1024K, 50% used [0x00000000eb200000,0x00000000eb280020,0x00000000eb300000)
  to   space 1536K, 0% used [0x00000000eb000000,0x00000000eb000000,0x00000000eb180000)
 ParOldGen       total 667648K, used 667322K [0x00000000c0000000, 0x00000000e8c00000, 0x00000000eab00000)
  object space 667648K, 99% used [0x00000000c0000000,0x00000000e8baebc8,0x00000000e8c00000)
 Metaspace       used 98507K, committed 100608K, reserved 1179648K
  class space    used 9454K, committed 10368K, reserved 1048576K
}
Event: 90587.108 GC heap before
{Heap before GC invocations=15178 (full 24):
 PSYoungGen      total 2048K, used 1536K [0x00000000eab00000, 0x00000000eb300000, 0x0000000100000000)
  eden space 1024K, 100% used [0x00000000eab00000,0x00000000eac00000,0x00000000eac00000)
  from space 1024K, 50% used [0x00000000eb200000,0x00000000eb280020,0x00000000eb300000)
  to   space 1536K, 0% used [0x00000000eb000000,0x00000000eb000000,0x00000000eb180000)
 ParOldGen       total 667648K, used 667322K [0x00000000c0000000, 0x00000000e8c00000, 0x00000000eab00000)
  object space 667648K, 99% used [0x00000000c0000000,0x00000000e8baebc8,0x00000000e8c00000)
 Metaspace       used 98507K, committed 100608K, reserved 1179648K
  class space    used 9454K, committed 10368K, reserved 1048576K
}
Event: 90587.110 GC heap after
{Heap after GC invocations=15178 (full 24):
 PSYoungGen      total 3072K, used 832K [0x00000000eab00000, 0x00000000eb280000, 0x0000000100000000)
  eden space 1536K, 0% used [0x00000000eab00000,0x00000000eab00000,0x00000000eac80000)
  from space 1536K, 54% used [0x00000000eb000000,0x00000000eb0d0000,0x00000000eb180000)
  to   space 1024K, 0% used [0x00000000eb180000,0x00000000eb180000,0x00000000eb280000)
 ParOldGen       total 668160K, used 667706K [0x00000000c0000000, 0x00000000e8c80000, 0x00000000eab00000)
  object space 668160K, 99% used [0x00000000c0000000,0x00000000e8c0ebe8,0x00000000e8c80000)
 Metaspace       used 98507K, committed 100608K, reserved 1179648K
  class space    used 9454K, committed 10368K, reserved 1048576K
}
Event: 90587.112 GC heap before
{Heap before GC invocations=15179 (full 24):
 PSYoungGen      total 3072K, used 2368K [0x00000000eab00000, 0x00000000eb280000, 0x0000000100000000)
  eden space 1536K, 100% used [0x00000000eab00000,0x00000000eac80000,0x00000000eac80000)
  from space 1536K, 54% used [0x00000000eb000000,0x00000000eb0d0000,0x00000000eb180000)
  to   space 1024K, 0% used [0x00000000eb180000,0x00000000eb180000,0x00000000eb280000)
 ParOldGen       total 668160K, used 667706K [0x00000000c0000000, 0x00000000e8c80000, 0x00000000eab00000)
  object space 668160K, 99% used [0x00000000c0000000,0x00000000e8c0ebe8,0x00000000e8c80000)
 Metaspace       used 98507K, committed 100608K, reserved 1179648K
  class space    used 9454K, committed 10368K, reserved 1048576K
}
Event: 90587.114 GC heap after
{Heap after GC invocations=15179 (full 24):
 PSYoungGen      total 3072K, used 1024K [0x00000000eab00000, 0x00000000eb280000, 0x0000000100000000)
  eden space 2048K, 0% used [0x00000000eab00000,0x00000000eab00000,0x00000000ead00000)
  from space 1024K, 100% used [0x00000000eb180000,0x00000000eb280000,0x00000000eb280000)
  to   space 2048K, 0% used [0x00000000eae80000,0x00000000eae80000,0x00000000eb080000)
 ParOldGen       total 668672K, used 668474K [0x00000000c0000000, 0x00000000e8d00000, 0x00000000eab00000)
  object space 668672K, 99% used [0x00000000c0000000,0x00000000e8ccebe8,0x00000000e8d00000)
 Metaspace       used 98507K, committed 100608K, reserved 1179648K
  class space    used 9454K, committed 10368K, reserved 1048576K
}
Event: 90587.118 GC heap before
{Heap before GC invocations=15180 (full 24):
 PSYoungGen      total 3072K, used 3072K [0x00000000eab00000, 0x00000000eb280000, 0x0000000100000000)
  eden space 2048K, 100% used [0x00000000eab00000,0x00000000ead00000,0x00000000ead00000)
  from space 1024K, 100% used [0x00000000eb180000,0x00000000eb280000,0x00000000eb280000)
  to   space 2048K, 0% used [0x00000000eae80000,0x00000000eae80000,0x00000000eb080000)
 ParOldGen       total 668672K, used 668474K [0x00000000c0000000, 0x00000000e8d00000, 0x00000000eab00000)
  object space 668672K, 99% used [0x00000000c0000000,0x00000000e8ccebe8,0x00000000e8d00000)
 Metaspace       used 98507K, committed 100608K, reserved 1179648K
  class space    used 9454K, committed 10368K, reserved 1048576K
}
Event: 90587.121 GC heap after
{Heap after GC invocations=15180 (full 24):
 PSYoungGen      total 4608K, used 1600K [0x00000000eab00000, 0x00000000eb200000, 0x0000000100000000)
  eden space 2560K, 0% used [0x00000000eab00000,0x00000000eab00000,0x00000000ead80000)
  from space 2048K, 78% used [0x00000000eae80000,0x00000000eb010000,0x00000000eb080000)
  to   space 1536K, 0% used [0x00000000eb080000,0x00000000eb080000,0x00000000eb200000)
 ParOldGen       total 669696K, used 669434K [0x00000000c0000000, 0x00000000e8e00000, 0x00000000eab00000)
  object space 669696K, 99% used [0x00000000c0000000,0x00000000e8dbebe8,0x00000000e8e00000)
 Metaspace       used 98507K, committed 100608K, reserved 1179648K
  class space    used 9454K, committed 10368K, reserved 1048576K
}
Event: 90587.131 GC heap before
{Heap before GC invocations=15181 (full 24):
 PSYoungGen      total 4608K, used 4029K [0x00000000eab00000, 0x00000000eb200000, 0x0000000100000000)
  eden space 2560K, 94% used [0x00000000eab00000,0x00000000ead5f6d0,0x00000000ead80000)
  from space 2048K, 78% used [0x00000000eae80000,0x00000000eb010000,0x00000000eb080000)
  to   space 1536K, 0% used [0x00000000eb080000,0x00000000eb080000,0x00000000eb200000)
 ParOldGen       total 669696K, used 669434K [0x00000000c0000000, 0x00000000e8e00000, 0x00000000eab00000)
  object space 669696K, 99% used [0x00000000c0000000,0x00000000e8dbebe8,0x00000000e8e00000)
 Metaspace       used 98508K, committed 100608K, reserved 1179648K
  class space    used 9454K, committed 10368K, reserved 1048576K
}
Event: 90587.134 GC heap after
{Heap after GC invocations=15181 (full 24):
 PSYoungGen      total 3072K, used 1536K [0x00000000eab00000, 0x00000000eb600000, 0x0000000100000000)
  eden space 1536K, 0% used [0x00000000eab00000,0x00000000eab00000,0x00000000eac80000)
  from space 1536K, 100% used [0x00000000eb080000,0x00000000eb200000,0x00000000eb200000)
  to   space 4096K, 0% used [0x00000000eac80000,0x00000000eac80000,0x00000000eb080000)
 ParOldGen       total 671744K, used 671578K [0x00000000c0000000, 0x00000000e9000000, 0x00000000eab00000)
  object space 671744K, 99% used [0x00000000c0000000,0x00000000e8fd6be8,0x00000000e9000000)
 Metaspace       used 98508K, committed 100608K, reserved 1179648K
  class space    used 9454K, committed 10368K, reserved 1048576K
}
Event: 90587.141 GC heap before
{Heap before GC invocations=15182 (full 24):
 PSYoungGen      total 3072K, used 3072K [0x00000000eab00000, 0x00000000eb600000, 0x0000000100000000)
  eden space 1536K, 100% used [0x00000000eab00000,0x00000000eac80000,0x00000000eac80000)
  from space 1536K, 100% used [0x00000000eb080000,0x00000000eb200000,0x00000000eb200000)
  to   space 4096K, 0% used [0x00000000eac80000,0x00000000eac80000,0x00000000eb080000)
 ParOldGen       total 671744K, used 671578K [0x00000000c0000000, 0x00000000e9000000, 0x00000000eab00000)
  object space 671744K, 99% used [0x00000000c0000000,0x00000000e8fd6be8,0x00000000e9000000)
 Metaspace       used 98508K, committed 100608K, reserved 1179648K
  class space    used 9454K, committed 10368K, reserved 1048576K
}
Event: 90587.144 GC heap after
{Heap after GC invocations=15182 (full 24):
 PSYoungGen      total 3072K, used 1216K [0x00000000eab00000, 0x00000000eb200000, 0x0000000100000000)
  eden space 1536K, 0% used [0x00000000eab00000,0x00000000eab00000,0x00000000eac80000)
  from space 1536K, 79% used [0x00000000eac80000,0x00000000eadb0000,0x00000000eae00000)
  to   space 2560K, 0% used [0x00000000eaf80000,0x00000000eaf80000,0x00000000eb200000)
 ParOldGen       total 673280K, used 673154K [0x00000000c0000000, 0x00000000e9180000, 0x00000000eab00000)
  object space 673280K, 99% used [0x00000000c0000000,0x00000000e9160be8,0x00000000e9180000)
 Metaspace       used 98508K, committed 100608K, reserved 1179648K
  class space    used 9454K, committed 10368K, reserved 1048576K
}
Event: 90587.160 GC heap before
{Heap before GC invocations=15183 (full 24):
 PSYoungGen      total 3072K, used 2751K [0x00000000eab00000, 0x00000000eb200000, 0x0000000100000000)
  eden space 1536K, 99% used [0x00000000eab00000,0x00000000eac7fff8,0x00000000eac80000)
  from space 1536K, 79% used [0x00000000eac80000,0x00000000eadb0000,0x00000000eae00000)
  to   space 2560K, 0% used [0x00000000eaf80000,0x00000000eaf80000,0x00000000eb200000)
 ParOldGen       total 673280K, used 673154K [0x00000000c0000000, 0x00000000e9180000, 0x00000000eab00000)
  object space 673280K, 99% used [0x00000000c0000000,0x00000000e9160be8,0x00000000e9180000)
 Metaspace       used 98531K, committed 100608K, reserved 1179648K
  class space    used 9460K, committed 10368K, reserved 1048576K
}
Event: 90587.165 GC heap after
{Heap after GC invocations=15183 (full 24):
 PSYoungGen      total 3072K, used 768K [0x00000000eab00000, 0x00000000eb080000, 0x0000000100000000)
  eden space 2048K, 0% used [0x00000000eab00000,0x00000000eab00000,0x00000000ead00000)
  from space 1024K, 75% used [0x00000000eaf80000,0x00000000eb040000,0x00000000eb080000)
  to   space 1536K, 0% used [0x00000000ead80000,0x00000000ead80000,0x00000000eaf00000)
 ParOldGen       total 675328K, used 674946K [0x00000000c0000000, 0x00000000e9380000, 0x00000000eab00000)
  object space 675328K, 99% used [0x00000000c0000000,0x00000000e9320be8,0x00000000e9380000)
 Metaspace       used 98531K, committed 100608K, reserved 1179648K
  class space    used 9460K, committed 10368K, reserved 1048576K
}
Event: 90587.177 GC heap before
{Heap before GC invocations=15184 (full 24):
 PSYoungGen      total 3072K, used 1003K [0x00000000eab00000, 0x00000000eb080000, 0x0000000100000000)
  eden space 2048K, 11% used [0x00000000eab00000,0x00000000eab3ae80,0x00000000ead00000)
  from space 1024K, 75% used [0x00000000eaf80000,0x00000000eb040000,0x00000000eb080000)
  to   space 1536K, 0% used [0x00000000ead80000,0x00000000ead80000,0x00000000eaf00000)
 ParOldGen       total 699392K, used 694147K [0x00000000c0000000, 0x00000000eab00000, 0x00000000eab00000)
  object space 699392K, 99% used [0x00000000c0000000,0x00000000ea5e0c08,0x00000000eab00000)
 Metaspace       used 98531K, committed 100608K, reserved 1179648K
  class space    used 9460K, committed 10368K, reserved 1048576K
}
Event: 90587.180 GC heap after
{Heap after GC invocations=15184 (full 24):
 PSYoungGen      total 4096K, used 176K [0x00000000eab00000, 0x00000000eb000000, 0x0000000100000000)
  eden space 2560K, 0% used [0x00000000eab00000,0x00000000eab00000,0x00000000ead80000)
  from space 1536K, 11% used [0x00000000ead80000,0x00000000eadac010,0x00000000eaf00000)
  to   space 512K, 0% used [0x00000000eaf80000,0x00000000eaf80000,0x00000000eb000000)
 ParOldGen       total 699392K, used 694811K [0x00000000c0000000, 0x00000000eab00000, 0x00000000eab00000)
  object space 699392K, 99% used [0x00000000c0000000,0x00000000ea686c18,0x00000000eab00000)
 Metaspace       used 98531K, committed 100608K, reserved 1179648K
  class space    used 9460K, committed 10368K, reserved 1048576K
}
Event: 90587.180 GC heap before
{Heap before GC invocations=15185 (full 24):
 PSYoungGen      total 4096K, used 176K [0x00000000eab00000, 0x00000000eb000000, 0x0000000100000000)
  eden space 2560K, 0% used [0x00000000eab00000,0x00000000eab00000,0x00000000ead80000)
  from space 1536K, 11% used [0x00000000ead80000,0x00000000eadac010,0x00000000eaf00000)
  to   space 512K, 0% used [0x00000000eaf80000,0x00000000eaf80000,0x00000000eb000000)
 ParOldGen       total 699392K, used 694811K [0x00000000c0000000, 0x00000000eab00000, 0x00000000eab00000)
  object space 699392K, 99% used [0x00000000c0000000,0x00000000ea686c18,0x00000000eab00000)
 Metaspace       used 98531K, committed 100608K, reserved 1179648K
  class space    used 9460K, committed 10368K, reserved 1048576K
}
Event: 90587.182 GC heap after
{Heap after GC invocations=15185 (full 24):
 PSYoungGen      total 3584K, used 0K [0x00000000eab00000, 0x00000000eb000000, 0x0000000100000000)
  eden space 3072K, 0% used [0x00000000eab00000,0x00000000eab00000,0x00000000eae00000)
  from space 512K, 0% used [0x00000000eaf80000,0x00000000eaf80000,0x00000000eb000000)
  to   space 512K, 0% used [0x00000000eaf00000,0x00000000eaf00000,0x00000000eaf80000)
 ParOldGen       total 699392K, used 694899K [0x00000000c0000000, 0x00000000eab00000, 0x00000000eab00000)
  object space 699392K, 99% used [0x00000000c0000000,0x00000000ea69cc48,0x00000000eab00000)
 Metaspace       used 98531K, committed 100608K, reserved 1179648K
  class space    used 9460K, committed 10368K, reserved 1048576K
}
Event: 90587.182 GC heap before
{Heap before GC invocations=15186 (full 25):
 PSYoungGen      total 3584K, used 0K [0x00000000eab00000, 0x00000000eb000000, 0x0000000100000000)
  eden space 3072K, 0% used [0x00000000eab00000,0x00000000eab00000,0x00000000eae00000)
  from space 512K, 0% used [0x00000000eaf80000,0x00000000eaf80000,0x00000000eb000000)
  to   space 512K, 0% used [0x00000000eaf00000,0x00000000eaf00000,0x00000000eaf80000)
 ParOldGen       total 699392K, used 694899K [0x00000000c0000000, 0x00000000eab00000, 0x00000000eab00000)
  object space 699392K, 99% used [0x00000000c0000000,0x00000000ea69cc48,0x00000000eab00000)
 Metaspace       used 98531K, committed 100608K, reserved 1179648K
  class space    used 9460K, committed 10368K, reserved 1048576K
}

